{
  "RSpec": {
    "coverage": {
      "/Users/Henry/Desktop/DPL/week3/day4/contact_list/spec/models/person_spec.rb": [
        1,
        null,
        1,
        null,
        1,
        2,
        2,
        2,
        2,
        2,
        2,
        null,
        null,
        1,
        1,
        1,
        null,
        1,
        1,
        null,
        null,
        null,
        null,
        null,
        1,
        null,
        1,
        1,
        null,
        2,
        null,
        null,
        null
      ],
      "/Users/Henry/Desktop/DPL/week3/day4/contact_list/spec/rails_helper.rb": [
        1,
        1,
        1,
        1,
        1,
        null,
        null,
        1,
        null,
        1,
        1,
        1,
        1,
        1,
        null
      ],
      "/Users/Henry/Desktop/DPL/week3/day4/contact_list/config/environment.rb": [
        null,
        1,
        null,
        null,
        1
      ],
      "/Users/Henry/Desktop/DPL/week3/day4/contact_list/config/application.rb": [
        1,
        null,
        1,
        null,
        null,
        null,
        1,
        null,
        1,
        1,
        null,
        null,
        null,
        null,
        null,
        null,
        null,
        null,
        null,
        null,
        null,
        null,
        null,
        1,
        null,
        null
      ],
      "/Users/Henry/Desktop/DPL/week3/day4/contact_list/config/boot.rb": [
        1,
        null,
        1
      ],
      "/Users/Henry/Desktop/DPL/week3/day4/contact_list/config/environments/test.rb": [
        1,
        null,
        null,
        null,
        null,
        null,
        null,
        1,
        null,
        null,
        null,
        null,
        1,
        null,
        null,
        1,
        1,
        null,
        null,
        1,
        1,
        null,
        null,
        1,
        null,
        null,
        1,
        null,
        null,
        null,
        null,
        1,
        null,
        null,
        1,
        null,
        null,
        1,
        null,
        null,
        null,
        null
      ],
      "/Users/Henry/Desktop/DPL/week3/day4/contact_list/config/initializers/assets.rb": [
        null,
        null,
        null,
        1,
        null,
        null,
        null,
        null,
        null,
        null,
        null
      ],
      "/Users/Henry/Desktop/DPL/week3/day4/contact_list/config/initializers/backtrace_silencers.rb": [
        null,
        null,
        null,
        null,
        null,
        null,
        null
      ],
      "/Users/Henry/Desktop/DPL/week3/day4/contact_list/config/initializers/cookies_serializer.rb": [
        null,
        null,
        1
      ],
      "/Users/Henry/Desktop/DPL/week3/day4/contact_list/config/initializers/filter_parameter_logging.rb": [
        null,
        null,
        null,
        1
      ],
      "/Users/Henry/Desktop/DPL/week3/day4/contact_list/config/initializers/inflections.rb": [
        null,
        null,
        null,
        null,
        null,
        null,
        null,
        null,
        null,
        null,
        null,
        null,
        null,
        null,
        null,
        null
      ],
      "/Users/Henry/Desktop/DPL/week3/day4/contact_list/config/initializers/mime_types.rb": [
        null,
        null,
        null,
        null
      ],
      "/Users/Henry/Desktop/DPL/week3/day4/contact_list/config/initializers/session_store.rb": [
        null,
        null,
        1
      ],
      "/Users/Henry/Desktop/DPL/week3/day4/contact_list/config/initializers/wrap_parameters.rb": [
        null,
        null,
        null,
        null,
        null,
        null,
        1,
        1,
        null,
        null,
        null,
        null,
        null,
        null
      ],
      "/Users/Henry/Desktop/DPL/week3/day4/contact_list/config/routes.rb": [
        1,
        1,
        1,
        null
      ],
      "/Users/Henry/Desktop/DPL/week3/day4/contact_list/app/helpers/application_helper.rb": [
        1,
        null
      ],
      "/Users/Henry/Desktop/DPL/week3/day4/contact_list/app/helpers/people_helper.rb": [
        1,
        null
      ],
      "/Users/Henry/Desktop/DPL/week3/day4/contact_list/app/helpers/state_helper.rb": [
        1,
        1,
        1,
        null,
        null
      ],
      "/Users/Henry/Desktop/DPL/week3/day4/contact_list/app/models/person.rb": [
        1,
        1,
        1,
        null,
        1,
        1,
        null,
        null,
        null
      ]
    },
    "timestamp": 1465337134
  }
}
